# JRE version: OpenJDK Runtime Environment (8.0_242-b08) (build 1.8.0_242-8u242-b08-0ubuntu3~19.10-b08)
# Java VM: OpenJDK 64-Bit Server VM (25.242-b08 mixed mode linux-amd64 compressed oops)
Heap:
 PSYoungGen      total 207360K, used 116883K [0x0000000743580000, 0x0000000755180000, 0x00000007c0000000)
  eden space 191488K, 61% used [0x0000000743580000,0x000000074a7a4f60,0x000000074f080000)
  from space 15872K, 0% used [0x000000074f080000,0x000000074f080000,0x0000000750000000)
  to   space 15872K, 0% used [0x0000000754200000,0x0000000754200000,0x0000000755180000)
 ParOldGen       total 280576K, used 23128K [0x000000064a000000, 0x000000065b200000, 0x0000000743580000)
  object space 280576K, 8% used [0x000000064a000000,0x000000064b6963b8,0x000000065b200000)
 Metaspace       used 39751K, capacity 42366K, committed 42672K, reserved 1085440K
  class space    used 5265K, capacity 5740K, committed 5808K, reserved 1048576K
GC Heap History (10 events):
Event: 0,839 GC heap before
{Heap before GC invocations=1 (full 0):
 PSYoungGen      total 111616K, used 95744K [0x0000000743580000, 0x000000074b200000, 0x00000007c0000000)
  eden space 95744K, 100% used [0x0000000743580000,0x0000000749300000,0x0000000749300000)
  from space 15872K, 0% used [0x000000074a280000,0x000000074a280000,0x000000074b200000)
  to   space 15872K, 0% used [0x0000000749300000,0x0000000749300000,0x000000074a280000)
 ParOldGen       total 255488K, used 0K [0x000000064a000000, 0x0000000659980000, 0x0000000743580000)
  object space 255488K, 0% used [0x000000064a000000,0x000000064a000000,0x0000000659980000)
 Metaspace       used 14934K, capacity 15390K, committed 15744K, reserved 1062912K
  class space    used 1961K, capacity 2093K, committed 2176K, reserved 1048576K
Event: 0,848 GC heap after
Heap after GC invocations=1 (full 0):
 PSYoungGen      total 111616K, used 8735K [0x0000000743580000, 0x0000000750f80000, 0x00000007c0000000)
  eden space 95744K, 0% used [0x0000000743580000,0x0000000743580000,0x0000000749300000)
  from space 15872K, 55% used [0x0000000749300000,0x0000000749b87d18,0x000000074a280000)
  to   space 15872K, 0% used [0x0000000750000000,0x0000000750000000,0x0000000750f80000)
 ParOldGen       total 255488K, used 16K [0x000000064a000000, 0x0000000659980000, 0x0000000743580000)
  object space 255488K, 0% used [0x000000064a000000,0x000000064a004000,0x0000000659980000)
 Metaspace       used 14934K, capacity 15390K, committed 15744K, reserved 1062912K
  class space    used 1961K, capacity 2093K, committed 2176K, reserved 1048576K
}
Event: 1,206 GC heap before
{Heap before GC invocations=2 (full 0):
 PSYoungGen      total 111616K, used 78518K [0x0000000743580000, 0x0000000750f80000, 0x00000007c0000000)
  eden space 95744K, 72% used [0x0000000743580000,0x00000007479a5ba8,0x0000000749300000)
  from space 15872K, 55% used [0x0000000749300000,0x0000000749b87d18,0x000000074a280000)
  to   space 15872K, 0% used [0x0000000750000000,0x0000000750000000,0x0000000750f80000)
 ParOldGen       total 255488K, used 16K [0x000000064a000000, 0x0000000659980000, 0x0000000743580000)
  object space 255488K, 0% used [0x000000064a000000,0x000000064a004000,0x0000000659980000)
 Metaspace       used 20593K, capacity 21258K, committed 21296K, reserved 1067008K
  class space    used 2658K, capacity 2833K, committed 2864K, reserved 1048576K
Event: 1,223 GC heap after
Heap after GC invocations=2 (full 0):
 PSYoungGen      total 207360K, used 10353K [0x0000000743580000, 0x0000000750f80000, 0x00000007c0000000)
  eden space 191488K, 0% used [0x0000000743580000,0x0000000743580000,0x000000074f080000)
  from space 15872K, 65% used [0x0000000750000000,0x0000000750a1c6a8,0x0000000750f80000)
  to   space 15872K, 0% used [0x000000074f080000,0x000000074f080000,0x0000000750000000)
 ParOldGen       total 255488K, used 24K [0x000000064a000000, 0x0000000659980000, 0x0000000743580000)
  object space 255488K, 0% used [0x000000064a000000,0x000000064a006000,0x0000000659980000)
 Metaspace       used 20593K, capacity 21258K, committed 21296K, reserved 1067008K
  class space    used 2658K, capacity 2833K, committed 2864K, reserved 1048576K
}
Event: 1,223 GC heap before
{Heap before GC invocations=3 (full 1):
 PSYoungGen      total 207360K, used 10353K [0x0000000743580000, 0x0000000750f80000, 0x00000007c0000000)
  eden space 191488K, 0% used [0x0000000743580000,0x0000000743580000,0x000000074f080000)
  from space 15872K, 65% used [0x0000000750000000,0x0000000750a1c6a8,0x0000000750f80000)
  to   space 15872K, 0% used [0x000000074f080000,0x000000074f080000,0x0000000750000000)
 ParOldGen       total 255488K, used 24K [0x000000064a000000, 0x0000000659980000, 0x0000000743580000)
  object space 255488K, 0% used [0x000000064a000000,0x000000064a006000,0x0000000659980000)
 Metaspace       used 20593K, capacity 21258K, committed 21296K, reserved 1067008K
  class space    used 2658K, capacity 2833K, committed 2864K, reserved 1048576K
Event: 1,275 GC heap after
Heap after GC invocations=3 (full 1):
 PSYoungGen      total 207360K, used 0K [0x0000000743580000, 0x0000000750f80000, 0x00000007c0000000)
  eden space 191488K, 0% used [0x0000000743580000,0x0000000743580000,0x000000074f080000)
  from space 15872K, 0% used [0x0000000750000000,0x0000000750000000,0x0000000750f80000)
  to   space 15872K, 0% used [0x000000074f080000,0x000000074f080000,0x0000000750000000)
 ParOldGen       total 162816K, used 9972K [0x000000064a000000, 0x0000000653f00000, 0x0000000743580000)
  object space 162816K, 6% used [0x000000064a000000,0x000000064a9bd180,0x0000000653f00000)
 Metaspace       used 20593K, capacity 21258K, committed 21296K, reserved 1067008K
  class space    used 2658K, capacity 2833K, committed 2864K, reserved 1048576K
}
Event: 2,710 GC heap before
{Heap before GC invocations=4 (full 1):
 PSYoungGen      total 207360K, used 174913K [0x0000000743580000, 0x0000000750f80000, 0x00000007c0000000)
  eden space 191488K, 91% used [0x0000000743580000,0x000000074e050458,0x000000074f080000)
  from space 15872K, 0% used [0x0000000750000000,0x0000000750000000,0x0000000750f80000)
  to   space 15872K, 0% used [0x000000074f080000,0x000000074f080000,0x0000000750000000)
 ParOldGen       total 162816K, used 9972K [0x000000064a000000, 0x0000000653f00000, 0x0000000743580000)
  object space 162816K, 6% used [0x000000064a000000,0x000000064a9bd180,0x0000000653f00000)
 Metaspace       used 33365K, capacity 35460K, committed 35496K, reserved 1079296K
  class space    used 4468K, capacity 4890K, committed 4912K, reserved 1048576K
Event: 2,725 GC heap after
Heap after GC invocations=4 (full 1):
 PSYoungGen      total 207360K, used 15851K [0x0000000743580000, 0x0000000755180000, 0x00000007c0000000)
  eden space 191488K, 0% used [0x0000000743580000,0x0000000743580000,0x000000074f080000)
  from space 15872K, 99% used [0x000000074f080000,0x000000074fffad78,0x0000000750000000)
  to   space 15872K, 0% used [0x0000000754200000,0x0000000754200000,0x0000000755180000)
 ParOldGen       total 162816K, used 12619K [0x000000064a000000, 0x0000000653f00000, 0x0000000743580000)
  object space 162816K, 7% used [0x000000064a000000,0x000000064ac52fb8,0x0000000653f00000)
 Metaspace       used 33365K, capacity 35460K, committed 35496K, reserved 1079296K
  class space    used 4468K, capacity 4890K, committed 4912K, reserved 1048576K
}
Event: 2,725 GC heap before
{Heap before GC invocations=5 (full 2):
 PSYoungGen      total 207360K, used 15851K [0x0000000743580000, 0x0000000755180000, 0x00000007c0000000)
  eden space 191488K, 0% used [0x0000000743580000,0x0000000743580000,0x000000074f080000)
  from space 15872K, 99% used [0x000000074f080000,0x000000074fffad78,0x0000000750000000)
  to   space 15872K, 0% used [0x0000000754200000,0x0000000754200000,0x0000000755180000)
 ParOldGen       total 162816K, used 12619K [0x000000064a000000, 0x0000000653f00000, 0x0000000743580000)
  object space 162816K, 7% used [0x000000064a000000,0x000000064ac52fb8,0x0000000653f00000)
 Metaspace       used 33365K, capacity 35460K, committed 35496K, reserved 1079296K
  class space    used 4468K, capacity 4890K, committed 4912K, reserved 1048576K
Event: 2,798 GC heap after
Heap after GC invocations=5 (full 2):
 PSYoungGen      total 207360K, used 0K [0x0000000743580000, 0x0000000755180000, 0x00000007c0000000)
  eden space 191488K, 0% used [0x0000000743580000,0x0000000743580000,0x000000074f080000)
  from space 15872K, 0% used [0x000000074f080000,0x000000074f080000,0x0000000750000000)
  to   space 15872K, 0% used [0x0000000754200000,0x0000000754200000,0x0000000755180000)
 ParOldGen       total 280576K, used 23128K [0x000000064a000000, 0x000000065b200000, 0x0000000743580000)
  object space 280576K, 8% used [0x000000064a000000,0x000000064b6963b8,0x000000065b200000)
 Metaspace       used 33365K, capacity 35460K, committed 35496K, reserved 1079296K
  class space    used 4468K, capacity 4890K, committed 4912K, reserved 1048576K
}

