# JRE version: OpenJDK Runtime Environment (8.0_242-b08) (build 1.8.0_242-8u242-b08-0ubuntu3~19.10-b08)
# Java VM: OpenJDK 64-Bit Server VM (25.242-b08 mixed mode linux-amd64 compressed oops)
Heap:
 PSYoungGen      total 207360K, used 116164K [0x0000000743580000, 0x0000000755200000, 0x00000007c0000000)
  eden space 191488K, 60% used [0x0000000743580000,0x000000074a6f12c0,0x000000074f080000)
  from space 15872K, 0% used [0x000000074f080000,0x000000074f080000,0x0000000750000000)
  to   space 15872K, 0% used [0x0000000754280000,0x0000000754280000,0x0000000755200000)
 ParOldGen       total 278528K, used 23080K [0x000000064a000000, 0x000000065b000000, 0x0000000743580000)
  object space 278528K, 8% used [0x000000064a000000,0x000000064b68a1e0,0x000000065b000000)
 Metaspace       used 39705K, capacity 42294K, committed 42416K, reserved 1085440K
  class space    used 5263K, capacity 5740K, committed 5808K, reserved 1048576K
GC Heap History (10 events):
Event: 0,956 GC heap before
{Heap before GC invocations=1 (full 0):
 PSYoungGen      total 111616K, used 95744K [0x0000000743580000, 0x000000074b200000, 0x00000007c0000000)
  eden space 95744K, 100% used [0x0000000743580000,0x0000000749300000,0x0000000749300000)
  from space 15872K, 0% used [0x000000074a280000,0x000000074a280000,0x000000074b200000)
  to   space 15872K, 0% used [0x0000000749300000,0x0000000749300000,0x000000074a280000)
 ParOldGen       total 255488K, used 0K [0x000000064a000000, 0x0000000659980000, 0x0000000743580000)
  object space 255488K, 0% used [0x000000064a000000,0x000000064a000000,0x0000000659980000)
 Metaspace       used 15140K, capacity 15632K, committed 15744K, reserved 1062912K
  class space    used 1982K, capacity 2128K, committed 2176K, reserved 1048576K
Event: 0,966 GC heap after
Heap after GC invocations=1 (full 0):
 PSYoungGen      total 111616K, used 8914K [0x0000000743580000, 0x0000000750f80000, 0x00000007c0000000)
  eden space 95744K, 0% used [0x0000000743580000,0x0000000743580000,0x0000000749300000)
  from space 15872K, 56% used [0x0000000749300000,0x0000000749bb4978,0x000000074a280000)
  to   space 15872K, 0% used [0x0000000750000000,0x0000000750000000,0x0000000750f80000)
 ParOldGen       total 255488K, used 16K [0x000000064a000000, 0x0000000659980000, 0x0000000743580000)
  object space 255488K, 0% used [0x000000064a000000,0x000000064a004000,0x0000000659980000)
 Metaspace       used 15140K, capacity 15632K, committed 15744K, reserved 1062912K
  class space    used 1982K, capacity 2128K, committed 2176K, reserved 1048576K
}
Event: 1,300 GC heap before
{Heap before GC invocations=2 (full 0):
 PSYoungGen      total 111616K, used 76370K [0x0000000743580000, 0x0000000750f80000, 0x00000007c0000000)
  eden space 95744K, 70% used [0x0000000743580000,0x0000000747760238,0x0000000749300000)
  from space 15872K, 56% used [0x0000000749300000,0x0000000749bb4978,0x000000074a280000)
  to   space 15872K, 0% used [0x0000000750000000,0x0000000750000000,0x0000000750f80000)
 ParOldGen       total 255488K, used 16K [0x000000064a000000, 0x0000000659980000, 0x0000000743580000)
  object space 255488K, 0% used [0x000000064a000000,0x000000064a004000,0x0000000659980000)
 Metaspace       used 20587K, capacity 21272K, committed 21296K, reserved 1067008K
  class space    used 2660K, capacity 2840K, committed 2864K, reserved 1048576K
Event: 1,317 GC heap after
Heap after GC invocations=2 (full 0):
 PSYoungGen      total 207360K, used 10222K [0x0000000743580000, 0x0000000750f80000, 0x00000007c0000000)
  eden space 191488K, 0% used [0x0000000743580000,0x0000000743580000,0x000000074f080000)
  from space 15872K, 64% used [0x0000000750000000,0x00000007509fb988,0x0000000750f80000)
  to   space 15872K, 0% used [0x000000074f080000,0x000000074f080000,0x0000000750000000)
 ParOldGen       total 255488K, used 24K [0x000000064a000000, 0x0000000659980000, 0x0000000743580000)
  object space 255488K, 0% used [0x000000064a000000,0x000000064a006000,0x0000000659980000)
 Metaspace       used 20587K, capacity 21272K, committed 21296K, reserved 1067008K
  class space    used 2660K, capacity 2840K, committed 2864K, reserved 1048576K
}
Event: 1,317 GC heap before
{Heap before GC invocations=3 (full 1):
 PSYoungGen      total 207360K, used 10222K [0x0000000743580000, 0x0000000750f80000, 0x00000007c0000000)
  eden space 191488K, 0% used [0x0000000743580000,0x0000000743580000,0x000000074f080000)
  from space 15872K, 64% used [0x0000000750000000,0x00000007509fb988,0x0000000750f80000)
  to   space 15872K, 0% used [0x000000074f080000,0x000000074f080000,0x0000000750000000)
 ParOldGen       total 255488K, used 24K [0x000000064a000000, 0x0000000659980000, 0x0000000743580000)
  object space 255488K, 0% used [0x000000064a000000,0x000000064a006000,0x0000000659980000)
 Metaspace       used 20587K, capacity 21272K, committed 21296K, reserved 1067008K
  class space    used 2660K, capacity 2840K, committed 2864K, reserved 1048576K
Event: 1,377 GC heap after
Heap after GC invocations=3 (full 1):
 PSYoungGen      total 207360K, used 0K [0x0000000743580000, 0x0000000750f80000, 0x00000007c0000000)
  eden space 191488K, 0% used [0x0000000743580000,0x0000000743580000,0x000000074f080000)
  from space 15872K, 0% used [0x0000000750000000,0x0000000750000000,0x0000000750f80000)
  to   space 15872K, 0% used [0x000000074f080000,0x000000074f080000,0x0000000750000000)
 ParOldGen       total 163328K, used 9843K [0x000000064a000000, 0x0000000653f80000, 0x0000000743580000)
  object space 163328K, 6% used [0x000000064a000000,0x000000064a99ccd0,0x0000000653f80000)
 Metaspace       used 20585K, capacity 21266K, committed 21296K, reserved 1067008K
  class space    used 2659K, capacity 2839K, committed 2864K, reserved 1048576K
}
Event: 2,584 GC heap before
{Heap before GC invocations=4 (full 1):
 PSYoungGen      total 207360K, used 177992K [0x0000000743580000, 0x0000000750f80000, 0x00000007c0000000)
  eden space 191488K, 92% used [0x0000000743580000,0x000000074e352368,0x000000074f080000)
  from space 15872K, 0% used [0x0000000750000000,0x0000000750000000,0x0000000750f80000)
  to   space 15872K, 0% used [0x000000074f080000,0x000000074f080000,0x0000000750000000)
 ParOldGen       total 163328K, used 9843K [0x000000064a000000, 0x0000000653f80000, 0x0000000743580000)
  object space 163328K, 6% used [0x000000064a000000,0x000000064a99ccd0,0x0000000653f80000)
 Metaspace       used 33400K, capacity 35452K, committed 35496K, reserved 1079296K
  class space    used 4468K, capacity 4890K, committed 4912K, reserved 1048576K
Event: 2,599 GC heap after
Heap after GC invocations=4 (full 1):
 PSYoungGen      total 207360K, used 15865K [0x0000000743580000, 0x0000000755200000, 0x00000007c0000000)
  eden space 191488K, 0% used [0x0000000743580000,0x0000000743580000,0x000000074f080000)
  from space 15872K, 99% used [0x000000074f080000,0x000000074fffe540,0x0000000750000000)
  to   space 15872K, 0% used [0x0000000754280000,0x0000000754280000,0x0000000755200000)
 ParOldGen       total 163328K, used 12490K [0x000000064a000000, 0x0000000653f80000, 0x0000000743580000)
  object space 163328K, 7% used [0x000000064a000000,0x000000064ac32b08,0x0000000653f80000)
 Metaspace       used 33400K, capacity 35452K, committed 35496K, reserved 1079296K
  class space    used 4468K, capacity 4890K, committed 4912K, reserved 1048576K
}
Event: 2,599 GC heap before
{Heap before GC invocations=5 (full 2):
 PSYoungGen      total 207360K, used 15865K [0x0000000743580000, 0x0000000755200000, 0x00000007c0000000)
  eden space 191488K, 0% used [0x0000000743580000,0x0000000743580000,0x000000074f080000)
  from space 15872K, 99% used [0x000000074f080000,0x000000074fffe540,0x0000000750000000)
  to   space 15872K, 0% used [0x0000000754280000,0x0000000754280000,0x0000000755200000)
 ParOldGen       total 163328K, used 12490K [0x000000064a000000, 0x0000000653f80000, 0x0000000743580000)
  object space 163328K, 7% used [0x000000064a000000,0x000000064ac32b08,0x0000000653f80000)
 Metaspace       used 33400K, capacity 35452K, committed 35496K, reserved 1079296K
  class space    used 4468K, capacity 4890K, committed 4912K, reserved 1048576K
Event: 2,654 GC heap after
Heap after GC invocations=5 (full 2):
 PSYoungGen      total 207360K, used 0K [0x0000000743580000, 0x0000000755200000, 0x00000007c0000000)
  eden space 191488K, 0% used [0x0000000743580000,0x0000000743580000,0x000000074f080000)
  from space 15872K, 0% used [0x000000074f080000,0x000000074f080000,0x0000000750000000)
  to   space 15872K, 0% used [0x0000000754280000,0x0000000754280000,0x0000000755200000)
 ParOldGen       total 278528K, used 23080K [0x000000064a000000, 0x000000065b000000, 0x0000000743580000)
  object space 278528K, 8% used [0x000000064a000000,0x000000064b68a1e0,0x000000065b000000)
 Metaspace       used 33400K, capacity 35452K, committed 35496K, reserved 1079296K
  class space    used 4468K, capacity 4890K, committed 4912K, reserved 1048576K
}

