# JRE version: OpenJDK Runtime Environment (8.0_242-b08) (build 1.8.0_242-8u242-b08-0ubuntu3~19.10-b08)
# Java VM: OpenJDK 64-Bit Server VM (25.242-b08 mixed mode linux-amd64 compressed oops)
Heap:
 PSYoungGen      total 207360K, used 113907K [0x0000000743580000, 0x0000000756300000, 0x00000007c0000000)
  eden space 191488K, 59% used [0x0000000743580000,0x000000074a4bcc90,0x000000074f080000)
  from space 15872K, 0% used [0x000000074f080000,0x000000074f080000,0x0000000750000000)
  to   space 15872K, 0% used [0x0000000755380000,0x0000000755380000,0x0000000756300000)
 ParOldGen       total 256000K, used 23121K [0x000000064a000000, 0x0000000659a00000, 0x0000000743580000)
  object space 256000K, 9% used [0x000000064a000000,0x000000064b6944b8,0x0000000659a00000)
 Metaspace       used 39621K, capacity 42226K, committed 42368K, reserved 1085440K
  class space    used 5264K, capacity 5740K, committed 5760K, reserved 1048576K
GC Heap History (10 events):
Event: 0,992 GC heap before
{Heap before GC invocations=1 (full 0):
 PSYoungGen      total 111616K, used 95744K [0x0000000743580000, 0x000000074b200000, 0x00000007c0000000)
  eden space 95744K, 100% used [0x0000000743580000,0x0000000749300000,0x0000000749300000)
  from space 15872K, 0% used [0x000000074a280000,0x000000074a280000,0x000000074b200000)
  to   space 15872K, 0% used [0x0000000749300000,0x0000000749300000,0x000000074a280000)
 ParOldGen       total 255488K, used 0K [0x000000064a000000, 0x0000000659980000, 0x0000000743580000)
  object space 255488K, 0% used [0x000000064a000000,0x000000064a000000,0x0000000659980000)
 Metaspace       used 14823K, capacity 15294K, committed 15488K, reserved 1062912K
  class space    used 1949K, capacity 2101K, committed 2176K, reserved 1048576K
Event: 1,002 GC heap after
Heap after GC invocations=1 (full 0):
 PSYoungGen      total 111616K, used 8714K [0x0000000743580000, 0x0000000750f80000, 0x00000007c0000000)
  eden space 95744K, 0% used [0x0000000743580000,0x0000000743580000,0x0000000749300000)
  from space 15872K, 54% used [0x0000000749300000,0x0000000749b82808,0x000000074a280000)
  to   space 15872K, 0% used [0x0000000750000000,0x0000000750000000,0x0000000750f80000)
 ParOldGen       total 255488K, used 16K [0x000000064a000000, 0x0000000659980000, 0x0000000743580000)
  object space 255488K, 0% used [0x000000064a000000,0x000000064a004000,0x0000000659980000)
 Metaspace       used 14823K, capacity 15294K, committed 15488K, reserved 1062912K
  class space    used 1949K, capacity 2101K, committed 2176K, reserved 1048576K
}
Event: 1,415 GC heap before
{Heap before GC invocations=2 (full 0):
 PSYoungGen      total 111616K, used 73001K [0x0000000743580000, 0x0000000750f80000, 0x00000007c0000000)
  eden space 95744K, 67% used [0x0000000743580000,0x0000000747447ca8,0x0000000749300000)
  from space 15872K, 54% used [0x0000000749300000,0x0000000749b82808,0x000000074a280000)
  to   space 15872K, 0% used [0x0000000750000000,0x0000000750000000,0x0000000750f80000)
 ParOldGen       total 255488K, used 16K [0x000000064a000000, 0x0000000659980000, 0x0000000743580000)
  object space 255488K, 0% used [0x000000064a000000,0x000000064a004000,0x0000000659980000)
 Metaspace       used 20482K, capacity 21178K, committed 21296K, reserved 1067008K
  class space    used 2671K, capacity 2875K, committed 2944K, reserved 1048576K
Event: 1,446 GC heap after
Heap after GC invocations=2 (full 0):
 PSYoungGen      total 207360K, used 10171K [0x0000000743580000, 0x0000000750f80000, 0x00000007c0000000)
  eden space 191488K, 0% used [0x0000000743580000,0x0000000743580000,0x000000074f080000)
  from space 15872K, 64% used [0x0000000750000000,0x00000007509eec20,0x0000000750f80000)
  to   space 15872K, 0% used [0x000000074f080000,0x000000074f080000,0x0000000750000000)
 ParOldGen       total 255488K, used 24K [0x000000064a000000, 0x0000000659980000, 0x0000000743580000)
  object space 255488K, 0% used [0x000000064a000000,0x000000064a006000,0x0000000659980000)
 Metaspace       used 20482K, capacity 21178K, committed 21296K, reserved 1067008K
  class space    used 2671K, capacity 2875K, committed 2944K, reserved 1048576K
}
Event: 1,446 GC heap before
{Heap before GC invocations=3 (full 1):
 PSYoungGen      total 207360K, used 10171K [0x0000000743580000, 0x0000000750f80000, 0x00000007c0000000)
  eden space 191488K, 0% used [0x0000000743580000,0x0000000743580000,0x000000074f080000)
  from space 15872K, 64% used [0x0000000750000000,0x00000007509eec20,0x0000000750f80000)
  to   space 15872K, 0% used [0x000000074f080000,0x000000074f080000,0x0000000750000000)
 ParOldGen       total 255488K, used 24K [0x000000064a000000, 0x0000000659980000, 0x0000000743580000)
  object space 255488K, 0% used [0x000000064a000000,0x000000064a006000,0x0000000659980000)
 Metaspace       used 20482K, capacity 21178K, committed 21296K, reserved 1067008K
  class space    used 2671K, capacity 2875K, committed 2944K, reserved 1048576K
Event: 1,506 GC heap after
Heap after GC invocations=3 (full 1):
 PSYoungGen      total 207360K, used 0K [0x0000000743580000, 0x0000000750f80000, 0x00000007c0000000)
  eden space 191488K, 0% used [0x0000000743580000,0x0000000743580000,0x000000074f080000)
  from space 15872K, 0% used [0x0000000750000000,0x0000000750000000,0x0000000750f80000)
  to   space 15872K, 0% used [0x000000074f080000,0x000000074f080000,0x0000000750000000)
 ParOldGen       total 153600K, used 9742K [0x000000064a000000, 0x0000000653600000, 0x0000000743580000)
  object space 153600K, 6% used [0x000000064a000000,0x000000064a983860,0x0000000653600000)
 Metaspace       used 20481K, capacity 21172K, committed 21296K, reserved 1067008K
  class space    used 2670K, capacity 2874K, committed 2944K, reserved 1048576K
}
Event: 2,793 GC heap before
{Heap before GC invocations=4 (full 1):
 PSYoungGen      total 207360K, used 176771K [0x0000000743580000, 0x0000000750f80000, 0x00000007c0000000)
  eden space 191488K, 92% used [0x0000000743580000,0x000000074e220de8,0x000000074f080000)
  from space 15872K, 0% used [0x0000000750000000,0x0000000750000000,0x0000000750f80000)
  to   space 15872K, 0% used [0x000000074f080000,0x000000074f080000,0x0000000750000000)
 ParOldGen       total 153600K, used 9742K [0x000000064a000000, 0x0000000653600000, 0x0000000743580000)
  object space 153600K, 6% used [0x000000064a000000,0x000000064a983860,0x0000000653600000)
 Metaspace       used 33268K, capacity 35320K, committed 35456K, reserved 1079296K
  class space    used 4461K, capacity 4890K, committed 4992K, reserved 1048576K
Event: 2,814 GC heap after
Heap after GC invocations=4 (full 1):
 PSYoungGen      total 207360K, used 15854K [0x0000000743580000, 0x0000000756300000, 0x00000007c0000000)
  eden space 191488K, 0% used [0x0000000743580000,0x0000000743580000,0x000000074f080000)
  from space 15872K, 99% used [0x000000074f080000,0x000000074fffb8e8,0x0000000750000000)
  to   space 15872K, 0% used [0x0000000755380000,0x0000000755380000,0x0000000756300000)
 ParOldGen       total 153600K, used 12794K [0x000000064a000000, 0x0000000653600000, 0x0000000743580000)
  object space 153600K, 8% used [0x000000064a000000,0x000000064ac7ebf0,0x0000000653600000)
 Metaspace       used 33268K, capacity 35320K, committed 35456K, reserved 1079296K
  class space    used 4461K, capacity 4890K, committed 4992K, reserved 1048576K
}
Event: 2,814 GC heap before
{Heap before GC invocations=5 (full 2):
 PSYoungGen      total 207360K, used 15854K [0x0000000743580000, 0x0000000756300000, 0x00000007c0000000)
  eden space 191488K, 0% used [0x0000000743580000,0x0000000743580000,0x000000074f080000)
  from space 15872K, 99% used [0x000000074f080000,0x000000074fffb8e8,0x0000000750000000)
  to   space 15872K, 0% used [0x0000000755380000,0x0000000755380000,0x0000000756300000)
 ParOldGen       total 153600K, used 12794K [0x000000064a000000, 0x0000000653600000, 0x0000000743580000)
  object space 153600K, 8% used [0x000000064a000000,0x000000064ac7ebf0,0x0000000653600000)
 Metaspace       used 33268K, capacity 35320K, committed 35456K, reserved 1079296K
  class space    used 4461K, capacity 4890K, committed 4992K, reserved 1048576K
Event: 2,890 GC heap after
Heap after GC invocations=5 (full 2):
 PSYoungGen      total 207360K, used 0K [0x0000000743580000, 0x0000000756300000, 0x00000007c0000000)
  eden space 191488K, 0% used [0x0000000743580000,0x0000000743580000,0x000000074f080000)
  from space 15872K, 0% used [0x000000074f080000,0x000000074f080000,0x0000000750000000)
  to   space 15872K, 0% used [0x0000000755380000,0x0000000755380000,0x0000000756300000)
 ParOldGen       total 256000K, used 23121K [0x000000064a000000, 0x0000000659a00000, 0x0000000743580000)
  object space 256000K, 9% used [0x000000064a000000,0x000000064b6944b8,0x0000000659a00000)
 Metaspace       used 33268K, capacity 35320K, committed 35456K, reserved 1079296K
  class space    used 4461K, capacity 4890K, committed 4992K, reserved 1048576K
}

